Using pre-set license
Built from '2021.3/staging' branch; Version is '2021.3.23f1 (213b516bf396) revision 2177873'; Using compiler version '192829333'; Build Type 'Release'
OS: 'Windows 11  (10.0.22631) 64bit Professional' Language: 'ja' Physical Memory: 16085 MB
BatchMode: 1, IsHumanControllingUs: 0, StartBugReporterOnCrash: 0, Is64bit: 1, IsPro: 1

COMMAND LINE ARGUMENTS:
C:\Program Files\Unity\Hub\Editor\2021.3.23f1\Editor\Unity.exe
-adb2
-batchMode
-noUpm
-name
AssetImportWorker6
-projectPath
D:/Work_Kawasaki/2024_UnityProject/Production2/RuinsDrone
-logFile
Logs/AssetImportWorker6.log
-srvPort
53259
Successfully changed project path to: D:/Work_Kawasaki/2024_UnityProject/Production2/RuinsDrone
D:/Work_Kawasaki/2024_UnityProject/Production2/RuinsDrone
[UnityMemory] Configuration Parameters - Can be set up in boot.config
    "memorysetup-bucket-allocator-granularity=16"
    "memorysetup-bucket-allocator-bucket-count=8"
    "memorysetup-bucket-allocator-block-size=33554432"
    "memorysetup-bucket-allocator-block-count=8"
    "memorysetup-main-allocator-block-size=16777216"
    "memorysetup-thread-allocator-block-size=16777216"
    "memorysetup-gfx-main-allocator-block-size=16777216"
    "memorysetup-gfx-thread-allocator-block-size=16777216"
    "memorysetup-cache-allocator-block-size=4194304"
    "memorysetup-typetree-allocator-block-size=2097152"
    "memorysetup-profiler-bucket-allocator-granularity=16"
    "memorysetup-profiler-bucket-allocator-bucket-count=8"
    "memorysetup-profiler-bucket-allocator-block-size=33554432"
    "memorysetup-profiler-bucket-allocator-block-count=8"
    "memorysetup-profiler-allocator-block-size=16777216"
    "memorysetup-profiler-editor-allocator-block-size=1048576"
    "memorysetup-temp-allocator-size-main=16777216"
    "memorysetup-job-temp-allocator-block-size=2097152"
    "memorysetup-job-temp-allocator-block-size-background=1048576"
    "memorysetup-job-temp-allocator-reduction-small-platforms=262144"
    "memorysetup-temp-allocator-size-background-worker=32768"
    "memorysetup-temp-allocator-size-job-worker=262144"
    "memorysetup-temp-allocator-size-preload-manager=33554432"
    "memorysetup-temp-allocator-size-nav-mesh-worker=65536"
    "memorysetup-temp-allocator-size-audio-worker=65536"
    "memorysetup-temp-allocator-size-cloud-worker=32768"
    "memorysetup-temp-allocator-size-gi-baking-worker=262144"
    "memorysetup-temp-allocator-size-gfx=262144"
Player connection [44788] Host "[IP] 172.16.41.211 [Port] 0 [Flags] 2 [Guid] 607120992 [EditorId] 607120992 [Version] 1048832 [Id] WindowsEditor(7,MSI) [Debug] 1 [PackageName] WindowsEditor [ProjectName] Editor" joined multi-casting on [225.0.0.222:54997]...

Player connection [44788] Host "[IP] 172.16.41.211 [Port] 0 [Flags] 2 [Guid] 607120992 [EditorId] 607120992 [Version] 1048832 [Id] WindowsEditor(7,MSI) [Debug] 1 [PackageName] WindowsEditor [ProjectName] Editor" joined alternative multi-casting on [225.0.0.222:34997]...

Refreshing native plugins compatible for Editor in 168.85 ms, found 3 plugins.
Preloading 0 native plugins for Editor in 0.00 ms.
Initialize engine version: 2021.3.23f1 (213b516bf396)
[Subsystems] Discovering subsystems at path C:/Program Files/Unity/Hub/Editor/2021.3.23f1/Editor/Data/Resources/UnitySubsystems
[Subsystems] Discovering subsystems at path D:/Work_Kawasaki/2024_UnityProject/Production2/RuinsDrone/Assets
GfxDevice: creating device client; threaded=0; jobified=0
Direct3D:
    Version:  Direct3D 11.0 [level 11.1]
    Renderer: NVIDIA GeForce RTX 3050 Laptop GPU (ID=0x25a2)
    Vendor:   NVIDIA
    VRAM:     3965 MB
    Driver:   32.0.15.5599
Initialize mono
Mono path[0] = 'C:/Program Files/Unity/Hub/Editor/2021.3.23f1/Editor/Data/Managed'
Mono path[1] = 'C:/Program Files/Unity/Hub/Editor/2021.3.23f1/Editor/Data/MonoBleedingEdge/lib/mono/unityjit-win32'
Mono config path = 'C:/Program Files/Unity/Hub/Editor/2021.3.23f1/Editor/Data/MonoBleedingEdge/etc'
Using monoOptions --debugger-agent=transport=dt_socket,embedding=1,server=y,suspend=n,address=127.0.0.1:56424
Begin MonoManager ReloadAssembly
Registering precompiled unity dll's ...
Register platform support module: C:/Program Files/Unity/Hub/Editor/2021.3.23f1/Editor/Data/PlaybackEngines/AndroidPlayer/UnityEditor.Android.Extensions.dll
Register platform support module: C:/Program Files/Unity/Hub/Editor/2021.3.23f1/Editor/Data/PlaybackEngines/iOSSupport/UnityEditor.iOS.Extensions.dll
Register platform support module: C:/Program Files/Unity/Hub/Editor/2021.3.23f1/Editor/Data/PlaybackEngines/WindowsStandaloneSupport/UnityEditor.WindowsStandalone.Extensions.dll
Registered in 0.011072 seconds.
Native extension for WindowsStandalone target not found
[usbmuxd] Start listen thread
[usbmuxd] Listen thread started
Native extension for iOS target not found
Native extension for Android target not found
Android Extension - Scanning For ADB Devices 536 ms
Refreshing native plugins compatible for Editor in 108.21 ms, found 3 plugins.
Preloading 0 native plugins for Editor in 0.00 ms.
Mono: successfully reloaded assembly
- Completed reload, in  1.358 seconds
Domain Reload Profiling:
	ReloadAssembly (1358ms)
		BeginReloadAssembly (207ms)
			ExecutionOrderSort (0ms)
			DisableScriptedObjects (0ms)
			BackupInstance (0ms)
			ReleaseScriptingObjects (0ms)
			CreateAndSetChildDomain (1ms)
		EndReloadAssembly (1048ms)
			LoadAssemblies (205ms)
			RebuildTransferFunctionScriptingTraits (0ms)
			SetupTypeCache (102ms)
			ReleaseScriptCaches (0ms)
			RebuildScriptCaches (27ms)
			SetupLoadedEditorAssemblies (867ms)
				LogAssemblyErrors (0ms)
				InitializePlatformSupportModulesInManaged (619ms)
				SetLoadedEditorAssemblies (0ms)
				RefreshPlugins (108ms)
				BeforeProcessingInitializeOnLoad (2ms)
				ProcessInitializeOnLoadAttributes (95ms)
				ProcessInitializeOnLoadMethodAttributes (43ms)
				AfterProcessingInitializeOnLoad (0ms)
				EditorAssembliesLoaded (0ms)
			ExecutionOrderSort2 (0ms)
			AwakeInstancesAfterBackupRestoration (0ms)
Platform modules already initialized, skipping
Registering precompiled user dll's ...
Registered in 0.003865 seconds.
Begin MonoManager ReloadAssembly
Symbol file LoadedFromMemory doesn't match image D:\Work_Kawasaki\2024_UnityProject\Production2\RuinsDrone\Library\PackageCache\com.unity.visualscripting@1.8.0\Editor\VisualScripting.Core\Dependencies\YamlDotNet\Unity.VisualScripting.YamlDotNet.dll
Symbol file LoadedFromMemory doesn't match image D:\Work_Kawasaki\2024_UnityProject\Production2\RuinsDrone\Library\PackageCache\com.unity.visualscripting@1.8.0\Editor\VisualScripting.Core\Dependencies\DotNetZip\Unity.VisualScripting.IonicZip.dll
Native extension for WindowsStandalone target not found
Native extension for iOS target not found
Native extension for Android target not found
Refreshing native plugins compatible for Editor in 0.57 ms, found 3 plugins.
Preloading 0 native plugins for Editor in 0.00 ms.
Mono: successfully reloaded assembly
- Completed reload, in  2.060 seconds
Domain Reload Profiling:
	ReloadAssembly (2061ms)
		BeginReloadAssembly (125ms)
			ExecutionOrderSort (0ms)
			DisableScriptedObjects (5ms)
			BackupInstance (0ms)
			ReleaseScriptingObjects (0ms)
			CreateAndSetChildDomain (21ms)
		EndReloadAssembly (1809ms)
			LoadAssemblies (1075ms)
			RebuildTransferFunctionScriptingTraits (0ms)
			SetupTypeCache (298ms)
			ReleaseScriptCaches (1ms)
			RebuildScriptCaches (47ms)
			SetupLoadedEditorAssemblies (365ms)
				LogAssemblyErrors (0ms)
				InitializePlatformSupportModulesInManaged (27ms)
				SetLoadedEditorAssemblies (0ms)
				RefreshPlugins (1ms)
				BeforeProcessingInitializeOnLoad (83ms)
				ProcessInitializeOnLoadAttributes (223ms)
				ProcessInitializeOnLoadMethodAttributes (22ms)
				AfterProcessingInitializeOnLoad (10ms)
				EditorAssembliesLoaded (0ms)
			ExecutionOrderSort2 (0ms)
			AwakeInstancesAfterBackupRestoration (7ms)
Platform modules already initialized, skipping
========================================================================
Worker process is ready to serve import requests
Launched and connected shader compiler UnityShaderCompiler.exe after 0.21 seconds
Refreshing native plugins compatible for Editor in 0.50 ms, found 3 plugins.
Preloading 0 native plugins for Editor in 0.00 ms.
Unloading 3057 Unused Serialized files (Serialized files now loaded: 0)
Unloading 24 unused Assets / (113.7 KB). Loaded Objects now: 3521.
Memory consumption went from 112.9 MB to 112.8 MB.
Total: 3.024200 ms (FindLiveObjects: 0.282400 ms CreateObjectMapping: 0.110100 ms MarkObjects: 2.517300 ms  DeleteObjects: 0.111900 ms)

AssetImportParameters requested are different than current active one (requested -> active):
  custom:video-decoder-ogg-theora: a1e56fd34408186e4bbccfd4996cb3dc -> 
  custom:container-muxer-webm: aa71ff27fc2769a1b78a27578f13a17b -> 
  custom:container-demuxer-webm: 4f35f7cbe854078d1ac9338744f61a02 -> 
  custom:video-encoder-webm-vp8: eb34c28f22e8b96e1ab97ce403110664 -> 
  custom:video-codec-MediaFoundation-h265: 746d11721c4dcdbdad8f713fa42b33f4 -> 
  custom:audio-encoder-webm-vorbis: bf7c407c2cedff20999df2af8eb42d56 -> 
  custom:framework-win-MediaFoundation: 216162199b28c13a410421893ffa2e32 -> 
  custom:container-demuxer-ogg: 62fdf1f143b41e24485cea50d1cbac27 -> 
  custom:video-decoder-webm-vp8: 9c59270c3fd7afecdb556c50c9e8de78 -> 
  custom:audio-decoder-ogg-vorbis: bf7c407c2cedff20999df2af8eb42d56 -> 
========================================================================
Received Import Request.
  Time since last request: 586720.746138 seconds.
  path: Assets/OBJ/ObjectModel.fbx
  artifactKey: Guid(dd818b4d2ad966f479bfdf6a41c4b806) Importer(815301076,1909f56bfc062723c751e8b465ee728b)
Start importing Assets/OBJ/ObjectModel.fbx using Guid(dd818b4d2ad966f479bfdf6a41c4b806) Importer(815301076,1909f56bfc062723c751e8b465ee728b)  -> (artifact id: '12d4644cd56829236be94b01546aa4ea') in 0.392505 seconds 
========================================================================
Received Import Request.
  Time since last request: 12.491100 seconds.
  path: Assets/OBJ/Textuer
  artifactKey: Guid(d7a704e7ca5eb5745b8628468f53c630) Importer(815301076,1909f56bfc062723c751e8b465ee728b)
Start importing Assets/OBJ/Textuer using Guid(d7a704e7ca5eb5745b8628468f53c630) Importer(815301076,1909f56bfc062723c751e8b465ee728b)  -> (artifact id: '700a28c0238029ee8012ebd34f9b6166') in 0.005392 seconds 
========================================================================
Received Import Request.
  Time since last request: 17.008455 seconds.
  path: Assets/OBJ/Material
  artifactKey: Guid(17009f98e288e07468d4e849d0d56faa) Importer(815301076,1909f56bfc062723c751e8b465ee728b)
Start importing Assets/OBJ/Material using Guid(17009f98e288e07468d4e849d0d56faa) Importer(815301076,1909f56bfc062723c751e8b465ee728b)  -> (artifact id: 'bee47ccd53d412fcdeb8f2416c037f22') in 0.002358 seconds 
========================================================================
Received Import Request.
  Time since last request: 22.901700 seconds.
  path: Assets/OBJ/ObjectModel_LowDesk1_BaseMap.png
  artifactKey: Guid(7b2ebd5ffbd76694ab20784b6ca39d9c) Importer(815301076,1909f56bfc062723c751e8b465ee728b)
Start importing Assets/OBJ/ObjectModel_LowDesk1_BaseMap.png using Guid(7b2ebd5ffbd76694ab20784b6ca39d9c) Importer(815301076,1909f56bfc062723c751e8b465ee728b)  -> (artifact id: 'cc8b597e3f500bf60326c86830a71c37') in 0.226307 seconds 
========================================================================
Received Import Request.
  Time since last request: 0.000051 seconds.
  path: Assets/OBJ/ObjectModel_TubDrum_Normal.png
  artifactKey: Guid(7c3d90d36194fd6408c1413d1c329b75) Importer(815301076,1909f56bfc062723c751e8b465ee728b)
Start importing Assets/OBJ/ObjectModel_TubDrum_Normal.png using Guid(7c3d90d36194fd6408c1413d1c329b75) Importer(815301076,1909f56bfc062723c751e8b465ee728b)  -> (artifact id: 'caeb0b715457620f5f563e3ee750f23d') in 0.020209 seconds 
========================================================================
Received Import Request.
  Time since last request: 0.000040 seconds.
  path: Assets/OBJ/ObjectModel_LowDesk1_Normal.png
  artifactKey: Guid(d2ef8c7b53733024d934eb3650851ba8) Importer(815301076,1909f56bfc062723c751e8b465ee728b)
Start importing Assets/OBJ/ObjectModel_LowDesk1_Normal.png using Guid(d2ef8c7b53733024d934eb3650851ba8) Importer(815301076,1909f56bfc062723c751e8b465ee728b)  -> (artifact id: '8c1c54901a04eecc07a76a14ec65f944') in 0.013716 seconds 
========================================================================
Received Import Request.
  Time since last request: 0.000039 seconds.
  path: Assets/OBJ/ObjectModel_NomalDrum_BaseMap.png
  artifactKey: Guid(5780a60bd4e819748885ff5f7fcde098) Importer(815301076,1909f56bfc062723c751e8b465ee728b)
Start importing Assets/OBJ/ObjectModel_NomalDrum_BaseMap.png using Guid(5780a60bd4e819748885ff5f7fcde098) Importer(815301076,1909f56bfc062723c751e8b465ee728b)  -> (artifact id: 'e79d2e14bf57d358303c25cd66bdd831') in 0.069980 seconds 
========================================================================
Received Import Request.
  Time since last request: 0.000038 seconds.
  path: Assets/OBJ/ObjectModel_ToolDesk1_BaseMap.png
  artifactKey: Guid(72dc342f6ba70af40a4d04ef71161ea6) Importer(815301076,1909f56bfc062723c751e8b465ee728b)
Start importing Assets/OBJ/ObjectModel_ToolDesk1_BaseMap.png using Guid(72dc342f6ba70af40a4d04ef71161ea6) Importer(815301076,1909f56bfc062723c751e8b465ee728b)  -> (artifact id: '9fe653b7685f859260cb24905b4019e2') in 0.018224 seconds 
========================================================================
Received Import Request.
  Time since last request: 0.000041 seconds.
  path: Assets/OBJ/ObjectModel_ToolDesk1_Normal.png
  artifactKey: Guid(dd7b192c8fb6f8447a00f416e6aeb18a) Importer(815301076,1909f56bfc062723c751e8b465ee728b)
Start importing Assets/OBJ/ObjectModel_ToolDesk1_Normal.png using Guid(dd7b192c8fb6f8447a00f416e6aeb18a) Importer(815301076,1909f56bfc062723c751e8b465ee728b)  -> (artifact id: 'e7992f23c97bac93410637f763eccd18') in 0.006861 seconds 
========================================================================
Received Import Request.
  Time since last request: 0.000024 seconds.
  path: Assets/OBJ/ObjectModel_PunchDrum_Normal.png
  artifactKey: Guid(635da79ac6008a048be7d930fbfa3a72) Importer(815301076,1909f56bfc062723c751e8b465ee728b)
Start importing Assets/OBJ/ObjectModel_PunchDrum_Normal.png using Guid(635da79ac6008a048be7d930fbfa3a72) Importer(815301076,1909f56bfc062723c751e8b465ee728b)  -> (artifact id: '31e91af4637d4b378a0124c3d3c5cb8f') in 0.014276 seconds 
========================================================================
Received Import Request.
  Time since last request: 0.000038 seconds.
  path: Assets/OBJ/ObjectModel_Slatted_grid1_Normal.png
  artifactKey: Guid(0d1cd5fd4fbf2c543a7bc7e837b7cf4a) Importer(815301076,1909f56bfc062723c751e8b465ee728b)
Start importing Assets/OBJ/ObjectModel_Slatted_grid1_Normal.png using Guid(0d1cd5fd4fbf2c543a7bc7e837b7cf4a) Importer(815301076,1909f56bfc062723c751e8b465ee728b)  -> (artifact id: 'a1a1c680b347b23c67c85c801e8cbe55') in 0.014564 seconds 
========================================================================
Received Import Request.
  Time since last request: 0.000035 seconds.
  path: Assets/OBJ/ObjectModel_PunchDrum_MaskMap.png
  artifactKey: Guid(ae37acefffbcfd64492a77647c88132b) Importer(815301076,1909f56bfc062723c751e8b465ee728b)
Start importing Assets/OBJ/ObjectModel_PunchDrum_MaskMap.png using Guid(ae37acefffbcfd64492a77647c88132b) Importer(815301076,1909f56bfc062723c751e8b465ee728b)  -> (artifact id: '1724e2fd0c9d764b37e4e22a086a4e0f') in 0.058111 seconds 
========================================================================
Received Import Request.
  Time since last request: 0.000036 seconds.
  path: Assets/OBJ/ObjectModel_TubDrum_MaskMap.png
  artifactKey: Guid(580b6721591bbae4dad858e5892e88fc) Importer(815301076,1909f56bfc062723c751e8b465ee728b)
Start importing Assets/OBJ/ObjectModel_TubDrum_MaskMap.png using Guid(580b6721591bbae4dad858e5892e88fc) Importer(815301076,1909f56bfc062723c751e8b465ee728b)  -> (artifact id: 'e2010872e027946604f6f8a5d6385ee4') in 0.016807 seconds 
