Using pre-set license
Built from '2021.3/staging' branch; Version is '2021.3.23f1 (213b516bf396) revision 2177873'; Using compiler version '192829333'; Build Type 'Release'
OS: 'Windows 11  (10.0.22631) 64bit Professional' Language: 'ja' Physical Memory: 16085 MB
BatchMode: 1, IsHumanControllingUs: 0, StartBugReporterOnCrash: 0, Is64bit: 1, IsPro: 1

COMMAND LINE ARGUMENTS:
C:\Program Files\Unity\Hub\Editor\2021.3.23f1\Editor\Unity.exe
-adb2
-batchMode
-noUpm
-name
AssetImportWorker2
-projectPath
D:/Work_Gennta/Game_TeamCreate2.7/c23_2024_drone2
-logFile
Logs/AssetImportWorker2.log
-srvPort
55792
Successfully changed project path to: D:/Work_Gennta/Game_TeamCreate2.7/c23_2024_drone2
D:/Work_Gennta/Game_TeamCreate2.7/c23_2024_drone2
[UnityMemory] Configuration Parameters - Can be set up in boot.config
    "memorysetup-bucket-allocator-granularity=16"
    "memorysetup-bucket-allocator-bucket-count=8"
    "memorysetup-bucket-allocator-block-size=33554432"
    "memorysetup-bucket-allocator-block-count=8"
    "memorysetup-main-allocator-block-size=16777216"
    "memorysetup-thread-allocator-block-size=16777216"
    "memorysetup-gfx-main-allocator-block-size=16777216"
    "memorysetup-gfx-thread-allocator-block-size=16777216"
    "memorysetup-cache-allocator-block-size=4194304"
    "memorysetup-typetree-allocator-block-size=2097152"
    "memorysetup-profiler-bucket-allocator-granularity=16"
    "memorysetup-profiler-bucket-allocator-bucket-count=8"
    "memorysetup-profiler-bucket-allocator-block-size=33554432"
    "memorysetup-profiler-bucket-allocator-block-count=8"
    "memorysetup-profiler-allocator-block-size=16777216"
    "memorysetup-profiler-editor-allocator-block-size=1048576"
    "memorysetup-temp-allocator-size-main=16777216"
    "memorysetup-job-temp-allocator-block-size=2097152"
    "memorysetup-job-temp-allocator-block-size-background=1048576"
    "memorysetup-job-temp-allocator-reduction-small-platforms=262144"
    "memorysetup-temp-allocator-size-background-worker=32768"
    "memorysetup-temp-allocator-size-job-worker=262144"
    "memorysetup-temp-allocator-size-preload-manager=33554432"
    "memorysetup-temp-allocator-size-nav-mesh-worker=65536"
    "memorysetup-temp-allocator-size-audio-worker=65536"
    "memorysetup-temp-allocator-size-cloud-worker=32768"
    "memorysetup-temp-allocator-size-gi-baking-worker=262144"
    "memorysetup-temp-allocator-size-gfx=262144"
Player connection [8916] Host "[IP] 172.16.41.14 [Port] 0 [Flags] 2 [Guid] 556746039 [EditorId] 556746039 [Version] 1048832 [Id] WindowsEditor(7,MSI) [Debug] 1 [PackageName] WindowsEditor [ProjectName] Editor" joined multi-casting on [225.0.0.222:54997]...

Player connection [8916] Host "[IP] 172.16.41.14 [Port] 0 [Flags] 2 [Guid] 556746039 [EditorId] 556746039 [Version] 1048832 [Id] WindowsEditor(7,MSI) [Debug] 1 [PackageName] WindowsEditor [ProjectName] Editor" joined alternative multi-casting on [225.0.0.222:34997]...

Refreshing native plugins compatible for Editor in 67.27 ms, found 3 plugins.
Preloading 0 native plugins for Editor in 0.00 ms.
Initialize engine version: 2021.3.23f1 (213b516bf396)
[Subsystems] Discovering subsystems at path C:/Program Files/Unity/Hub/Editor/2021.3.23f1/Editor/Data/Resources/UnitySubsystems
[Subsystems] Discovering subsystems at path D:/Work_Gennta/Game_TeamCreate2.7/c23_2024_drone2/Assets
GfxDevice: creating device client; threaded=0; jobified=0
Direct3D:
    Version:  Direct3D 11.0 [level 11.1]
    Renderer: NVIDIA GeForce RTX 3050 Laptop GPU (ID=0x25a2)
    Vendor:   NVIDIA
    VRAM:     3965 MB
    Driver:   32.0.15.5599
Initialize mono
Mono path[0] = 'C:/Program Files/Unity/Hub/Editor/2021.3.23f1/Editor/Data/Managed'
Mono path[1] = 'C:/Program Files/Unity/Hub/Editor/2021.3.23f1/Editor/Data/MonoBleedingEdge/lib/mono/unityjit-win32'
Mono config path = 'C:/Program Files/Unity/Hub/Editor/2021.3.23f1/Editor/Data/MonoBleedingEdge/etc'
Using monoOptions --debugger-agent=transport=dt_socket,embedding=1,server=y,suspend=n,address=127.0.0.1:56508
Begin MonoManager ReloadAssembly
Registering precompiled unity dll's ...
Register platform support module: C:/Program Files/Unity/Hub/Editor/2021.3.23f1/Editor/Data/PlaybackEngines/AndroidPlayer/UnityEditor.Android.Extensions.dll
Register platform support module: C:/Program Files/Unity/Hub/Editor/2021.3.23f1/Editor/Data/PlaybackEngines/WindowsStandaloneSupport/UnityEditor.WindowsStandalone.Extensions.dll
Registered in 0.004226 seconds.
Native extension for WindowsStandalone target not found
Native extension for Android target not found
Refreshing native plugins compatible for Editor in 95.44 ms, found 3 plugins.
Preloading 0 native plugins for Editor in 0.00 ms.
Mono: successfully reloaded assembly
- Completed reload, in  0.609 seconds
Domain Reload Profiling:
	ReloadAssembly (610ms)
		BeginReloadAssembly (77ms)
			ExecutionOrderSort (0ms)
			DisableScriptedObjects (0ms)
			BackupInstance (0ms)
			ReleaseScriptingObjects (0ms)
			CreateAndSetChildDomain (1ms)
		EndReloadAssembly (449ms)
			LoadAssemblies (75ms)
			RebuildTransferFunctionScriptingTraits (0ms)
			SetupTypeCache (96ms)
			ReleaseScriptCaches (0ms)
			RebuildScriptCaches (21ms)
			SetupLoadedEditorAssemblies (287ms)
				LogAssemblyErrors (0ms)
				InitializePlatformSupportModulesInManaged (47ms)
				SetLoadedEditorAssemblies (0ms)
				RefreshPlugins (96ms)
				BeforeProcessingInitializeOnLoad (2ms)
				ProcessInitializeOnLoadAttributes (91ms)
				ProcessInitializeOnLoadMethodAttributes (51ms)
				AfterProcessingInitializeOnLoad (0ms)
				EditorAssembliesLoaded (0ms)
			ExecutionOrderSort2 (0ms)
			AwakeInstancesAfterBackupRestoration (0ms)
Platform modules already initialized, skipping
Registering precompiled user dll's ...
Registered in 0.004664 seconds.
Begin MonoManager ReloadAssembly
Symbol file LoadedFromMemory doesn't match image D:\Work_Gennta\Game_TeamCreate2.7\c23_2024_drone2\Library\PackageCache\com.unity.visualscripting@1.8.0\Editor\VisualScripting.Core\Dependencies\YamlDotNet\Unity.VisualScripting.YamlDotNet.dll
Symbol file LoadedFromMemory doesn't match image D:\Work_Gennta\Game_TeamCreate2.7\c23_2024_drone2\Library\PackageCache\com.unity.visualscripting@1.8.0\Editor\VisualScripting.Core\Dependencies\DotNetZip\Unity.VisualScripting.IonicZip.dll
Native extension for WindowsStandalone target not found
Native extension for Android target not found
Refreshing native plugins compatible for Editor in 0.47 ms, found 3 plugins.
Preloading 0 native plugins for Editor in 0.00 ms.
Mono: successfully reloaded assembly
- Completed reload, in  0.993 seconds
Domain Reload Profiling:
	ReloadAssembly (993ms)
		BeginReloadAssembly (120ms)
			ExecutionOrderSort (0ms)
			DisableScriptedObjects (5ms)
			BackupInstance (0ms)
			ReleaseScriptingObjects (0ms)
			CreateAndSetChildDomain (23ms)
		EndReloadAssembly (753ms)
			LoadAssemblies (79ms)
			RebuildTransferFunctionScriptingTraits (0ms)
			SetupTypeCache (241ms)
			ReleaseScriptCaches (1ms)
			RebuildScriptCaches (45ms)
			SetupLoadedEditorAssemblies (358ms)
				LogAssemblyErrors (0ms)
				InitializePlatformSupportModulesInManaged (15ms)
				SetLoadedEditorAssemblies (0ms)
				RefreshPlugins (1ms)
				BeforeProcessingInitializeOnLoad (86ms)
				ProcessInitializeOnLoadAttributes (225ms)
				ProcessInitializeOnLoadMethodAttributes (26ms)
				AfterProcessingInitializeOnLoad (5ms)
				EditorAssembliesLoaded (0ms)
			ExecutionOrderSort2 (0ms)
			AwakeInstancesAfterBackupRestoration (4ms)
Platform modules already initialized, skipping
========================================================================
Worker process is ready to serve import requests
Launched and connected shader compiler UnityShaderCompiler.exe after 0.05 seconds
Refreshing native plugins compatible for Editor in 0.73 ms, found 3 plugins.
Preloading 0 native plugins for Editor in 0.00 ms.
Unloading 3057 Unused Serialized files (Serialized files now loaded: 0)
Unloading 24 unused Assets / (113.8 KB). Loaded Objects now: 3521.
Memory consumption went from 108.3 MB to 108.2 MB.
Total: 4.861800 ms (FindLiveObjects: 0.225000 ms CreateObjectMapping: 0.133300 ms MarkObjects: 4.290000 ms  DeleteObjects: 0.212000 ms)

AssetImportParameters requested are different than current active one (requested -> active):
  custom:video-decoder-ogg-theora: a1e56fd34408186e4bbccfd4996cb3dc -> 
  custom:container-muxer-webm: aa71ff27fc2769a1b78a27578f13a17b -> 
  custom:container-demuxer-webm: 4f35f7cbe854078d1ac9338744f61a02 -> 
  custom:video-encoder-webm-vp8: eb34c28f22e8b96e1ab97ce403110664 -> 
  custom:video-codec-MediaFoundation-h265: 746d11721c4dcdbdad8f713fa42b33f4 -> 
  custom:audio-encoder-webm-vorbis: bf7c407c2cedff20999df2af8eb42d56 -> 
  custom:framework-win-MediaFoundation: 216162199b28c13a410421893ffa2e32 -> 
  custom:container-demuxer-ogg: 62fdf1f143b41e24485cea50d1cbac27 -> 
  custom:video-decoder-webm-vp8: 9c59270c3fd7afecdb556c50c9e8de78 -> 
  custom:audio-decoder-ogg-vorbis: bf7c407c2cedff20999df2af8eb42d56 -> 
========================================================================
Received Import Request.
  Time since last request: 67272.886094 seconds.
  path: Assets/SE/collision/collision01.mp3
  artifactKey: Guid(8803cb51fa7f2844ab502b1f0d7afadc) Importer(815301076,1909f56bfc062723c751e8b465ee728b)
Start importing Assets/SE/collision/collision01.mp3 using Guid(8803cb51fa7f2844ab502b1f0d7afadc) Importer(815301076,1909f56bfc062723c751e8b465ee728b)  -> (artifact id: '12f34b9b4d9fdf39070cd2cac987bc0a') in 0.160865 seconds 
========================================================================
Received Import Request.
  Time since last request: 11.842843 seconds.
  path: Assets/SE/Countdown/Countdown_02.mp3
  artifactKey: Guid(62b0e25355bbeb84da3d8156fb1abfd3) Importer(815301076,1909f56bfc062723c751e8b465ee728b)
Start importing Assets/SE/Countdown/Countdown_02.mp3 using Guid(62b0e25355bbeb84da3d8156fb1abfd3) Importer(815301076,1909f56bfc062723c751e8b465ee728b)  -> (artifact id: 'dee08a2745beacbf60fc6c99142fe864') in 0.015719 seconds 
========================================================================
Received Import Request.
  Time since last request: 30.717257 seconds.
  path: Assets/SE/environment/environment01.wav
  artifactKey: Guid(cb6c7429f2b5bac41957ea1faa1ee6fa) Importer(815301076,1909f56bfc062723c751e8b465ee728b)
Start importing Assets/SE/environment/environment01.wav using Guid(cb6c7429f2b5bac41957ea1faa1ee6fa) Importer(815301076,1909f56bfc062723c751e8b465ee728b)  -> (artifact id: 'a335c25babe001a1ae85f8aa16dd9f5f') in 0.750523 seconds 
========================================================================
Received Import Request.
  Time since last request: 0.000029 seconds.
  path: Assets/SE/environment/environment10.mp3
  artifactKey: Guid(1090628fd2e257540b5a12c7ee2e43c0) Importer(815301076,1909f56bfc062723c751e8b465ee728b)
Start importing Assets/SE/environment/environment10.mp3 using Guid(1090628fd2e257540b5a12c7ee2e43c0) Importer(815301076,1909f56bfc062723c751e8b465ee728b)  -> (artifact id: '734e5708b2614cf1b7a8c615674cea20') in 0.011923 seconds 
========================================================================
Received Import Request.
  Time since last request: 0.000026 seconds.
  path: Assets/SE/environment/environment09.mp3
  artifactKey: Guid(530e2fae483ab084ca763740ec271755) Importer(815301076,1909f56bfc062723c751e8b465ee728b)
Start importing Assets/SE/environment/environment09.mp3 using Guid(530e2fae483ab084ca763740ec271755) Importer(815301076,1909f56bfc062723c751e8b465ee728b)  -> (artifact id: '77f13262d579e4c433b0e3845e1b0d39') in 0.010512 seconds 
========================================================================
Received Import Request.
  Time since last request: 12.979667 seconds.
  path: Assets/SE/Goal/Goal01.mp3
  artifactKey: Guid(c21122988a9eb974db2c28a349a6470d) Importer(815301076,1909f56bfc062723c751e8b465ee728b)
Start importing Assets/SE/Goal/Goal01.mp3 using Guid(c21122988a9eb974db2c28a349a6470d) Importer(815301076,1909f56bfc062723c751e8b465ee728b)  -> (artifact id: '508f54b124e8c9f87656334484016bed') in 0.013494 seconds 
========================================================================
Received Import Request.
  Time since last request: 0.000029 seconds.
  path: Assets/SE/Goal/Goal05.mp3
  artifactKey: Guid(38afd34cae3c65946a98ebd234cf2747) Importer(815301076,1909f56bfc062723c751e8b465ee728b)
Start importing Assets/SE/Goal/Goal05.mp3 using Guid(38afd34cae3c65946a98ebd234cf2747) Importer(815301076,1909f56bfc062723c751e8b465ee728b)  -> (artifact id: 'feb668a4b15a0740965ac607cdeed580') in 0.016994 seconds 
========================================================================
Received Import Request.
  Time since last request: 16.640421 seconds.
  path: Assets/SE/propeller/propeller01.mp3
  artifactKey: Guid(d282205faf96db34dad3fb4a6b8c9e3b) Importer(815301076,1909f56bfc062723c751e8b465ee728b)
Start importing Assets/SE/propeller/propeller01.mp3 using Guid(d282205faf96db34dad3fb4a6b8c9e3b) Importer(815301076,1909f56bfc062723c751e8b465ee728b)  -> (artifact id: '614619d8b37bb6bc88043132b8899c8e') in 0.017528 seconds 
========================================================================
Received Import Request.
  Time since last request: 11.311998 seconds.
  path: Assets/SE/start/start01.mp3
  artifactKey: Guid(bc1e9105fc2cce34caf944320890e37e) Importer(815301076,1909f56bfc062723c751e8b465ee728b)
Start importing Assets/SE/start/start01.mp3 using Guid(bc1e9105fc2cce34caf944320890e37e) Importer(815301076,1909f56bfc062723c751e8b465ee728b)  -> (artifact id: '9aa0a1a32da164bad1ba17c138840b60') in 0.011832 seconds 
