Using pre-set license
Built from '2021.3/staging' branch; Version is '2021.3.23f1 (213b516bf396) revision 2177873'; Using compiler version '192829333'; Build Type 'Release'
OS: 'Windows 11  (10.0.22631) 64bit Professional' Language: 'ja' Physical Memory: 16085 MB
BatchMode: 1, IsHumanControllingUs: 0, StartBugReporterOnCrash: 0, Is64bit: 1, IsPro: 1

COMMAND LINE ARGUMENTS:
C:\Program Files\Unity\Hub\Editor\2021.3.23f1\Editor\Unity.exe
-adb2
-batchMode
-noUpm
-name
AssetImportWorker3
-projectPath
D:/Work_Gennta/Game_TeamCreate2.7/c23_2024_drone2
-logFile
Logs/AssetImportWorker3.log
-srvPort
55792
Successfully changed project path to: D:/Work_Gennta/Game_TeamCreate2.7/c23_2024_drone2
D:/Work_Gennta/Game_TeamCreate2.7/c23_2024_drone2
[UnityMemory] Configuration Parameters - Can be set up in boot.config
    "memorysetup-bucket-allocator-granularity=16"
    "memorysetup-bucket-allocator-bucket-count=8"
    "memorysetup-bucket-allocator-block-size=33554432"
    "memorysetup-bucket-allocator-block-count=8"
    "memorysetup-main-allocator-block-size=16777216"
    "memorysetup-thread-allocator-block-size=16777216"
    "memorysetup-gfx-main-allocator-block-size=16777216"
    "memorysetup-gfx-thread-allocator-block-size=16777216"
    "memorysetup-cache-allocator-block-size=4194304"
    "memorysetup-typetree-allocator-block-size=2097152"
    "memorysetup-profiler-bucket-allocator-granularity=16"
    "memorysetup-profiler-bucket-allocator-bucket-count=8"
    "memorysetup-profiler-bucket-allocator-block-size=33554432"
    "memorysetup-profiler-bucket-allocator-block-count=8"
    "memorysetup-profiler-allocator-block-size=16777216"
    "memorysetup-profiler-editor-allocator-block-size=1048576"
    "memorysetup-temp-allocator-size-main=16777216"
    "memorysetup-job-temp-allocator-block-size=2097152"
    "memorysetup-job-temp-allocator-block-size-background=1048576"
    "memorysetup-job-temp-allocator-reduction-small-platforms=262144"
    "memorysetup-temp-allocator-size-background-worker=32768"
    "memorysetup-temp-allocator-size-job-worker=262144"
    "memorysetup-temp-allocator-size-preload-manager=33554432"
    "memorysetup-temp-allocator-size-nav-mesh-worker=65536"
    "memorysetup-temp-allocator-size-audio-worker=65536"
    "memorysetup-temp-allocator-size-cloud-worker=32768"
    "memorysetup-temp-allocator-size-gi-baking-worker=262144"
    "memorysetup-temp-allocator-size-gfx=262144"
Player connection [15284] Host "[IP] 172.16.41.14 [Port] 0 [Flags] 2 [Guid] 3408827470 [EditorId] 3408827470 [Version] 1048832 [Id] WindowsEditor(7,MSI) [Debug] 1 [PackageName] WindowsEditor [ProjectName] Editor" joined multi-casting on [225.0.0.222:54997]...

Player connection [15284] Host "[IP] 172.16.41.14 [Port] 0 [Flags] 2 [Guid] 3408827470 [EditorId] 3408827470 [Version] 1048832 [Id] WindowsEditor(7,MSI) [Debug] 1 [PackageName] WindowsEditor [ProjectName] Editor" joined alternative multi-casting on [225.0.0.222:34997]...

Refreshing native plugins compatible for Editor in 74.66 ms, found 3 plugins.
Preloading 0 native plugins for Editor in 0.00 ms.
Initialize engine version: 2021.3.23f1 (213b516bf396)
[Subsystems] Discovering subsystems at path C:/Program Files/Unity/Hub/Editor/2021.3.23f1/Editor/Data/Resources/UnitySubsystems
[Subsystems] Discovering subsystems at path D:/Work_Gennta/Game_TeamCreate2.7/c23_2024_drone2/Assets
GfxDevice: creating device client; threaded=0; jobified=0
Direct3D:
    Version:  Direct3D 11.0 [level 11.1]
    Renderer: NVIDIA GeForce RTX 3050 Laptop GPU (ID=0x25a2)
    Vendor:   NVIDIA
    VRAM:     3965 MB
    Driver:   32.0.15.5599
Initialize mono
Mono path[0] = 'C:/Program Files/Unity/Hub/Editor/2021.3.23f1/Editor/Data/Managed'
Mono path[1] = 'C:/Program Files/Unity/Hub/Editor/2021.3.23f1/Editor/Data/MonoBleedingEdge/lib/mono/unityjit-win32'
Mono config path = 'C:/Program Files/Unity/Hub/Editor/2021.3.23f1/Editor/Data/MonoBleedingEdge/etc'
Using monoOptions --debugger-agent=transport=dt_socket,embedding=1,server=y,suspend=n,address=127.0.0.1:56920
Begin MonoManager ReloadAssembly
Registering precompiled unity dll's ...
Register platform support module: C:/Program Files/Unity/Hub/Editor/2021.3.23f1/Editor/Data/PlaybackEngines/AndroidPlayer/UnityEditor.Android.Extensions.dll
Register platform support module: C:/Program Files/Unity/Hub/Editor/2021.3.23f1/Editor/Data/PlaybackEngines/WindowsStandaloneSupport/UnityEditor.WindowsStandalone.Extensions.dll
Registered in 0.005334 seconds.
Native extension for WindowsStandalone target not found
Native extension for Android target not found
Refreshing native plugins compatible for Editor in 71.29 ms, found 3 plugins.
Preloading 0 native plugins for Editor in 0.00 ms.
Mono: successfully reloaded assembly
- Completed reload, in  0.691 seconds
Domain Reload Profiling:
	ReloadAssembly (691ms)
		BeginReloadAssembly (175ms)
			ExecutionOrderSort (0ms)
			DisableScriptedObjects (0ms)
			BackupInstance (0ms)
			ReleaseScriptingObjects (0ms)
			CreateAndSetChildDomain (1ms)
		EndReloadAssembly (418ms)
			LoadAssemblies (172ms)
			RebuildTransferFunctionScriptingTraits (0ms)
			SetupTypeCache (106ms)
			ReleaseScriptCaches (0ms)
			RebuildScriptCaches (24ms)
			SetupLoadedEditorAssemblies (240ms)
				LogAssemblyErrors (0ms)
				InitializePlatformSupportModulesInManaged (47ms)
				SetLoadedEditorAssemblies (0ms)
				RefreshPlugins (72ms)
				BeforeProcessingInitializeOnLoad (4ms)
				ProcessInitializeOnLoadAttributes (78ms)
				ProcessInitializeOnLoadMethodAttributes (39ms)
				AfterProcessingInitializeOnLoad (0ms)
				EditorAssembliesLoaded (0ms)
			ExecutionOrderSort2 (0ms)
			AwakeInstancesAfterBackupRestoration (0ms)
Platform modules already initialized, skipping
Registering precompiled user dll's ...
Registered in 0.002717 seconds.
Begin MonoManager ReloadAssembly
Symbol file LoadedFromMemory doesn't match image D:\Work_Gennta\Game_TeamCreate2.7\c23_2024_drone2\Library\PackageCache\com.unity.visualscripting@1.8.0\Editor\VisualScripting.Core\Dependencies\YamlDotNet\Unity.VisualScripting.YamlDotNet.dll
Symbol file LoadedFromMemory doesn't match image D:\Work_Gennta\Game_TeamCreate2.7\c23_2024_drone2\Library\PackageCache\com.unity.visualscripting@1.8.0\Editor\VisualScripting.Core\Dependencies\DotNetZip\Unity.VisualScripting.IonicZip.dll
Native extension for WindowsStandalone target not found
Native extension for Android target not found
Refreshing native plugins compatible for Editor in 1.27 ms, found 3 plugins.
Preloading 0 native plugins for Editor in 0.00 ms.
Mono: successfully reloaded assembly
- Completed reload, in  1.106 seconds
Domain Reload Profiling:
	ReloadAssembly (1107ms)
		BeginReloadAssembly (153ms)
			ExecutionOrderSort (0ms)
			DisableScriptedObjects (13ms)
			BackupInstance (0ms)
			ReleaseScriptingObjects (0ms)
			CreateAndSetChildDomain (22ms)
		EndReloadAssembly (838ms)
			LoadAssemblies (101ms)
			RebuildTransferFunctionScriptingTraits (0ms)
			SetupTypeCache (311ms)
			ReleaseScriptCaches (1ms)
			RebuildScriptCaches (47ms)
			SetupLoadedEditorAssemblies (352ms)
				LogAssemblyErrors (0ms)
				InitializePlatformSupportModulesInManaged (19ms)
				SetLoadedEditorAssemblies (1ms)
				RefreshPlugins (1ms)
				BeforeProcessingInitializeOnLoad (88ms)
				ProcessInitializeOnLoadAttributes (212ms)
				ProcessInitializeOnLoadMethodAttributes (22ms)
				AfterProcessingInitializeOnLoad (8ms)
				EditorAssembliesLoaded (0ms)
			ExecutionOrderSort2 (0ms)
			AwakeInstancesAfterBackupRestoration (6ms)
Platform modules already initialized, skipping
========================================================================
Worker process is ready to serve import requests
Launched and connected shader compiler UnityShaderCompiler.exe after 0.09 seconds
Refreshing native plugins compatible for Editor in 0.86 ms, found 3 plugins.
Preloading 0 native plugins for Editor in 0.00 ms.
Unloading 3057 Unused Serialized files (Serialized files now loaded: 0)
Unloading 24 unused Assets / (113.8 KB). Loaded Objects now: 3521.
Memory consumption went from 108.3 MB to 108.2 MB.
Total: 4.181800 ms (FindLiveObjects: 0.346400 ms CreateObjectMapping: 0.139300 ms MarkObjects: 3.585500 ms  DeleteObjects: 0.109100 ms)

AssetImportParameters requested are different than current active one (requested -> active):
  custom:video-decoder-ogg-theora: a1e56fd34408186e4bbccfd4996cb3dc -> 
  custom:container-muxer-webm: aa71ff27fc2769a1b78a27578f13a17b -> 
  custom:container-demuxer-webm: 4f35f7cbe854078d1ac9338744f61a02 -> 
  custom:video-encoder-webm-vp8: eb34c28f22e8b96e1ab97ce403110664 -> 
  custom:video-codec-MediaFoundation-h265: 746d11721c4dcdbdad8f713fa42b33f4 -> 
  custom:audio-encoder-webm-vorbis: bf7c407c2cedff20999df2af8eb42d56 -> 
  custom:framework-win-MediaFoundation: 216162199b28c13a410421893ffa2e32 -> 
  custom:container-demuxer-ogg: 62fdf1f143b41e24485cea50d1cbac27 -> 
  custom:video-decoder-webm-vp8: 9c59270c3fd7afecdb556c50c9e8de78 -> 
  custom:audio-decoder-ogg-vorbis: bf7c407c2cedff20999df2af8eb42d56 -> 
========================================================================
Received Import Request.
  Time since last request: 67284.903809 seconds.
  path: Assets/SE/Countdown/countdown_start.wav
  artifactKey: Guid(95006136444bea14dac326868cf93b9a) Importer(815301076,1909f56bfc062723c751e8b465ee728b)
Start importing Assets/SE/Countdown/countdown_start.wav using Guid(95006136444bea14dac326868cf93b9a) Importer(815301076,1909f56bfc062723c751e8b465ee728b)  -> (artifact id: '4b0ed838036532d95ecfe7eff8a5f89b') in 0.162297 seconds 
========================================================================
Received Import Request.
  Time since last request: 30.570535 seconds.
  path: Assets/SE/environment/environment04.wav
  artifactKey: Guid(517d606dc5c89ea4ab66bdbea6764a54) Importer(815301076,1909f56bfc062723c751e8b465ee728b)
Start importing Assets/SE/environment/environment04.wav using Guid(517d606dc5c89ea4ab66bdbea6764a54) Importer(815301076,1909f56bfc062723c751e8b465ee728b)  -> (artifact id: '485bda40be5aae245498d06595d30b99') in 0.742625 seconds 
========================================================================
Received Import Request.
  Time since last request: 0.000071 seconds.
  path: Assets/SE/environment/environment05.wav
  artifactKey: Guid(a4876fa1a2c327043b79ff2dd93508aa) Importer(815301076,1909f56bfc062723c751e8b465ee728b)
Start importing Assets/SE/environment/environment05.wav using Guid(a4876fa1a2c327043b79ff2dd93508aa) Importer(815301076,1909f56bfc062723c751e8b465ee728b)  -> (artifact id: '825f3f75288da2dd6239796f69e3f9d0') in 0.008447 seconds 
========================================================================
Received Import Request.
  Time since last request: 0.000035 seconds.
  path: Assets/SE/environment/environment08.mp3
  artifactKey: Guid(5655f42d916ec844a9404ec92bef4dea) Importer(815301076,1909f56bfc062723c751e8b465ee728b)
Start importing Assets/SE/environment/environment08.mp3 using Guid(5655f42d916ec844a9404ec92bef4dea) Importer(815301076,1909f56bfc062723c751e8b465ee728b)  -> (artifact id: '98f56bd6d28a0937992b62ccc927ad60') in 0.015538 seconds 
========================================================================
Received Import Request.
  Time since last request: 12.977605 seconds.
  path: Assets/SE/Goal/Goal04.wav
  artifactKey: Guid(1a82d1fcc8553844b8c98524daacd03f) Importer(815301076,1909f56bfc062723c751e8b465ee728b)
Start importing Assets/SE/Goal/Goal04.wav using Guid(1a82d1fcc8553844b8c98524daacd03f) Importer(815301076,1909f56bfc062723c751e8b465ee728b)  -> (artifact id: '527b94158864d24320db255a915c64d3') in 0.019983 seconds 
========================================================================
Received Import Request.
  Time since last request: 0.000025 seconds.
  path: Assets/SE/Goal/Goal06.mp3
  artifactKey: Guid(236a8583d9fc9664587f61e6aae8ab65) Importer(815301076,1909f56bfc062723c751e8b465ee728b)
Start importing Assets/SE/Goal/Goal06.mp3 using Guid(236a8583d9fc9664587f61e6aae8ab65) Importer(815301076,1909f56bfc062723c751e8b465ee728b)  -> (artifact id: '831bdc67b7c8f44d3dfe23ff9e110791') in 0.013084 seconds 
========================================================================
Received Import Request.
  Time since last request: 16.640565 seconds.
  path: Assets/SE/propeller/propeller04.mp3
  artifactKey: Guid(99589c8b38b5a0949bf453436edf30f4) Importer(815301076,1909f56bfc062723c751e8b465ee728b)
Start importing Assets/SE/propeller/propeller04.mp3 using Guid(99589c8b38b5a0949bf453436edf30f4) Importer(815301076,1909f56bfc062723c751e8b465ee728b)  -> (artifact id: '03b4f92b961ea6de06b544a1a13d0425') in 0.015006 seconds 
========================================================================
Received Import Request.
  Time since last request: 0.014688 seconds.
  path: Assets/SE/propeller/propeller05.mp3
  artifactKey: Guid(833e2e52d8ac4da48a24a41adb05c035) Importer(815301076,1909f56bfc062723c751e8b465ee728b)
Start importing Assets/SE/propeller/propeller05.mp3 using Guid(833e2e52d8ac4da48a24a41adb05c035) Importer(815301076,1909f56bfc062723c751e8b465ee728b)  -> (artifact id: 'b52914b3ab4c1671fc6a03dd954cb7ed') in 0.009507 seconds 
